<?xml version="1.0" encoding="UTF-8"?><testrun name="MakeReservation" project="Continental_jUnit_Testing" tests="1" started="1" failures="1" errors="0" ignored="0">
  <testsuite name="continental_jUnit_Testing.MakeReservation" time="0.75" displayname="MakeReservation" uniqueid="[engine:junit-vintage]/[runner:continental_jUnit_Testing.MakeReservation]">
    <testcase name="testMakeReservation" classname="continental_jUnit_Testing.MakeReservation" time="0.75" displayname="testMakeReservation" uniqueid="[engine:junit-vintage]/[runner:continental_jUnit_Testing.MakeReservation]/[test:testMakeReservation(continental_jUnit_Testing.MakeReservation)]">
      <failure>org.opentest4j.MultipleFailuresError: Multiple Failures (2 failures)&#13;
	java.lang.IllegalStateException: The driver executable must exist: C:\Users\Hap\Desktop\SE-Repo-Clone\SE_Project\jUnit Testing\Continental_jUnit_Testing&#13;
	java.lang.NullPointerException: &lt;no message&gt;&#13;
	at org.junit.vintage.engine.execution.TestRun.getStoredResultOrSuccessful(TestRun.java:200)&#13;
	at org.junit.vintage.engine.execution.RunListenerAdapter.fireExecutionFinished(RunListenerAdapter.java:248)&#13;
	at org.junit.vintage.engine.execution.RunListenerAdapter.testFinished(RunListenerAdapter.java:214)&#13;
	at org.junit.vintage.engine.execution.RunListenerAdapter.testFinished(RunListenerAdapter.java:88)&#13;
	at org.junit.runner.notification.SynchronizedRunListener.testFinished(SynchronizedRunListener.java:87)&#13;
	at org.junit.runner.notification.RunNotifier$9.notifyListener(RunNotifier.java:225)&#13;
	at org.junit.runner.notification.RunNotifier$SafeNotifier.run(RunNotifier.java:72)&#13;
	at org.junit.runner.notification.RunNotifier.fireTestFinished(RunNotifier.java:222)&#13;
	at org.junit.internal.runners.model.EachTestNotifier.fireTestFinished(EachTestNotifier.java:38)&#13;
	at org.junit.runners.ParentRunner.runLeaf(ParentRunner.java:372)&#13;
	at org.junit.runners.BlockJUnit4ClassRunner.runChild(BlockJUnit4ClassRunner.java:103)&#13;
	at org.junit.runners.BlockJUnit4ClassRunner.runChild(BlockJUnit4ClassRunner.java:63)&#13;
	at org.junit.runners.ParentRunner$4.run(ParentRunner.java:331)&#13;
	at org.junit.runners.ParentRunner$1.schedule(ParentRunner.java:79)&#13;
	at org.junit.runners.ParentRunner.runChildren(ParentRunner.java:329)&#13;
	at org.junit.runners.ParentRunner.access$100(ParentRunner.java:66)&#13;
	at org.junit.runners.ParentRunner$2.evaluate(ParentRunner.java:293)&#13;
	at org.junit.runners.ParentRunner$3.evaluate(ParentRunner.java:306)&#13;
	at org.junit.runners.ParentRunner.run(ParentRunner.java:413)&#13;
	at org.junit.runner.JUnitCore.run(JUnitCore.java:137)&#13;
	at org.junit.runner.JUnitCore.run(JUnitCore.java:115)&#13;
	at org.junit.vintage.engine.execution.RunnerExecutor.execute(RunnerExecutor.java:42)&#13;
	at org.junit.vintage.engine.VintageTestEngine.executeAllChildren(VintageTestEngine.java:80)&#13;
	at org.junit.vintage.engine.VintageTestEngine.execute(VintageTestEngine.java:72)&#13;
	at org.junit.platform.launcher.core.EngineExecutionOrchestrator.execute(EngineExecutionOrchestrator.java:147)&#13;
	at org.junit.platform.launcher.core.EngineExecutionOrchestrator.execute(EngineExecutionOrchestrator.java:127)&#13;
	at org.junit.platform.launcher.core.EngineExecutionOrchestrator.execute(EngineExecutionOrchestrator.java:90)&#13;
	at org.junit.platform.launcher.core.EngineExecutionOrchestrator.lambda$execute$0(EngineExecutionOrchestrator.java:55)&#13;
	at org.junit.platform.launcher.core.EngineExecutionOrchestrator.withInterceptedStreams(EngineExecutionOrchestrator.java:102)&#13;
	at org.junit.platform.launcher.core.EngineExecutionOrchestrator.execute(EngineExecutionOrchestrator.java:54)&#13;
	at org.junit.platform.launcher.core.DefaultLauncher.execute(DefaultLauncher.java:114)&#13;
	at org.junit.platform.launcher.core.DefaultLauncher.execute(DefaultLauncher.java:95)&#13;
	at org.junit.platform.launcher.core.DefaultLauncherSession$DelegatingLauncher.execute(DefaultLauncherSession.java:91)&#13;
	at org.junit.platform.launcher.core.SessionPerRequestLauncher.execute(SessionPerRequestLauncher.java:60)&#13;
	at org.eclipse.jdt.internal.junit5.runner.JUnit5TestReference.run(JUnit5TestReference.java:98)&#13;
	at org.eclipse.jdt.internal.junit.runner.TestExecution.run(TestExecution.java:40)&#13;
	at org.eclipse.jdt.internal.junit.runner.RemoteTestRunner.runTests(RemoteTestRunner.java:529)&#13;
	at org.eclipse.jdt.internal.junit.runner.RemoteTestRunner.runTests(RemoteTestRunner.java:756)&#13;
	at org.eclipse.jdt.internal.junit.runner.RemoteTestRunner.run(RemoteTestRunner.java:452)&#13;
	at org.eclipse.jdt.internal.junit.runner.RemoteTestRunner.main(RemoteTestRunner.java:210)&#13;
	Suppressed: java.lang.IllegalStateException: The driver executable must exist: C:\Users\Hap\Desktop\SE-Repo-Clone\SE_Project\jUnit Testing\Continental_jUnit_Testing&#13;
		at org.openqa.selenium.internal.Require$FileStateChecker.isFile(Require.java:345)&#13;
		at org.openqa.selenium.remote.service.DriverFinder.getPath(DriverFinder.java:39)&#13;
		at org.openqa.selenium.chrome.ChromeDriver.generateExecutor(ChromeDriver.java:98)&#13;
		at org.openqa.selenium.chrome.ChromeDriver.&lt;init&gt;(ChromeDriver.java:88)&#13;
		at org.openqa.selenium.chrome.ChromeDriver.&lt;init&gt;(ChromeDriver.java:84)&#13;
		at org.openqa.selenium.chrome.ChromeDriver.&lt;init&gt;(ChromeDriver.java:52)&#13;
		at continental_jUnit_Testing.MakeReservation.setUp(MakeReservation.java:24)&#13;
		at java.base/jdk.internal.reflect.NativeMethodAccessorImpl.invoke0(Native Method)&#13;
		at java.base/jdk.internal.reflect.NativeMethodAccessorImpl.invoke(NativeMethodAccessorImpl.java:62)&#13;
		at java.base/jdk.internal.reflect.DelegatingMethodAccessorImpl.invoke(DelegatingMethodAccessorImpl.java:43)&#13;
		at java.base/java.lang.reflect.Method.invoke(Method.java:566)&#13;
		at org.junit.runners.model.FrameworkMethod$1.runReflectiveCall(FrameworkMethod.java:59)&#13;
		at org.junit.internal.runners.model.ReflectiveCallable.run(ReflectiveCallable.java:12)&#13;
		at org.junit.runners.model.FrameworkMethod.invokeExplosively(FrameworkMethod.java:56)&#13;
		at org.junit.internal.runners.statements.RunBefores.invokeMethod(RunBefores.java:33)&#13;
		at org.junit.internal.runners.statements.RunBefores.evaluate(RunBefores.java:24)&#13;
		at org.junit.internal.runners.statements.RunAfters.evaluate(RunAfters.java:27)&#13;
		at org.junit.runners.ParentRunner$3.evaluate(ParentRunner.java:306)&#13;
		at org.junit.runners.BlockJUnit4ClassRunner$1.evaluate(BlockJUnit4ClassRunner.java:100)&#13;
		at org.junit.runners.ParentRunner.runLeaf(ParentRunner.java:366)&#13;
		... 30 more&#13;
	Suppressed: java.lang.NullPointerException&#13;
		at continental_jUnit_Testing.MakeReservation.tearDown(MakeReservation.java:106)&#13;
		at java.base/jdk.internal.reflect.NativeMethodAccessorImpl.invoke0(Native Method)&#13;
		at java.base/jdk.internal.reflect.NativeMethodAccessorImpl.invoke(NativeMethodAccessorImpl.java:62)&#13;
		at java.base/jdk.internal.reflect.DelegatingMethodAccessorImpl.invoke(DelegatingMethodAccessorImpl.java:43)&#13;
		at java.base/java.lang.reflect.Method.invoke(Method.java:566)&#13;
		at org.junit.runners.model.FrameworkMethod$1.runReflectiveCall(FrameworkMethod.java:59)&#13;
		at org.junit.internal.runners.model.ReflectiveCallable.run(ReflectiveCallable.java:12)&#13;
		at org.junit.runners.model.FrameworkMethod.invokeExplosively(FrameworkMethod.java:56)&#13;
		at org.junit.internal.runners.statements.RunAfters.invokeMethod(RunAfters.java:46)&#13;
		at org.junit.internal.runners.statements.RunAfters.evaluate(RunAfters.java:33)&#13;
		at org.junit.runners.ParentRunner$3.evaluate(ParentRunner.java:306)&#13;
		at org.junit.runners.BlockJUnit4ClassRunner$1.evaluate(BlockJUnit4ClassRunner.java:100)&#13;
		at org.junit.runners.ParentRunner.runLeaf(ParentRunner.java:366)&#13;
		... 30 more&#13;
&#13;
</failure>
    </testcase>
  </testsuite>
</testrun>
